[2025-08-08T12:33:34.816Z] Cleaning up ROS2 Script Manager...
[2025-08-08T12:33:34.818Z] Cleaned up 0 temporary files
[2025-08-08T12:39:22.101Z] Cleaning up ROS2 Script Manager...
[2025-08-08T12:39:22.104Z] Cleaned up 0 temporary files
[2025-08-08T14:08:41.061Z] Cleaning up ROS2 Script Manager...
[2025-08-08T14:08:41.098Z] Cleaned up 0 temporary files
[2025-08-08T14:48:11.663Z] Cleaning up ROS2 Script Manager...
[2025-08-08T14:48:11.699Z] Cleaned up 0 temporary files
[2025-08-08T15:43:59.046Z] Cleaning up ROS2 Script Manager...
[2025-08-08T15:43:59.047Z] Cleaned up 0 temporary files
[2025-08-09T06:40:55.801Z] SSH connectivity test successful
[2025-08-09T06:42:51.701Z] SSH connectivity test successful
[2025-08-09T06:54:27.238Z] SSH connectivity test successful
[2025-08-09T06:56:34.998Z] Handling script command: start_robot with options: {}
[2025-08-09T06:56:34.999Z] ðŸŽ¯ Executing specific script: robot_launch.sh on Pi
[2025-08-09T06:56:34.999Z] ðŸ“‚ Script path: /home/piros/scripts/robot_launch.sh
[2025-08-09T06:56:34.999Z] ðŸŽ¬ Action: start_robot
[2025-08-09T06:56:35.382Z] ðŸ“¡ SSH connected for robot_launch.sh execution
[2025-08-09T06:56:35.382Z] ðŸŽ¯ Using predefined path: /home/piros/scripts/robot_launch.sh
[2025-08-09T06:56:35.382Z] ðŸš€ Executing command: cd /home/piros/scripts && nohup bash /home/piros/scripts/robot_launch.sh > /tmp/robot_launch_output.log 2>&1 & echo $!
[2025-08-09T06:56:35.507Z] ðŸ“„ robot_launch.sh stdout: 4429
[2025-08-09T06:56:35.902Z] âœ… robot_launch.sh execution completed with code: 0
[2025-08-09T06:56:35.902Z] ðŸ†” Stored PID 4429 for robot_launch.sh
[2025-08-09T06:56:35.902Z] âœ… Script command 'start_robot' executed successfully
[2025-08-09T06:56:35.902Z] Handling script command: start_slam_button with options: {"map_name":"test_slam_map"}
[2025-08-09T06:56:35.902Z] ðŸŽ¯ Executing specific script: slam.sh on Pi
[2025-08-09T06:56:35.902Z] ðŸŽ¬ Action: start_slam
[2025-08-09T06:56:35.902Z] ðŸ“‚ Script path: /home/piros/scripts/slam.sh
[2025-08-09T06:56:36.519Z] ðŸ“¡ SSH connected for slam.sh execution
[2025-08-09T06:56:36.519Z] ðŸš€ Executing command: cd /home/piros/scripts && nohup bash /home/piros/scripts/slam.sh "test_slam_map" > /tmp/slam_output.log 2>&1 & echo $!
[2025-08-09T06:56:36.519Z] ðŸŽ¯ Using predefined path: /home/piros/scripts/slam.sh
[2025-08-09T06:56:36.866Z] ðŸ“„ slam.sh stdout: 4498
[2025-08-09T06:56:38.864Z] âœ… slam.sh execution completed with code: 0
[2025-08-09T06:56:38.864Z] ðŸ†” Stored PID 4498 for slam.sh
[2025-08-09T06:56:38.864Z] âœ… Script command 'start_slam_button' executed successfully
[2025-08-09T06:56:38.864Z] Handling script command: start_nav_button with options: {}
[2025-08-09T06:56:38.864Z] ðŸŽ¯ Executing specific script: nav2.sh on Pi
[2025-08-09T06:56:38.864Z] ðŸ“‚ Script path: /home/piros/scripts/nav2.sh
[2025-08-09T06:56:38.864Z] ðŸŽ¬ Action: start_navigation
[2025-08-09T06:56:51.741Z] ðŸ“¡ SSH connected for nav2.sh execution
[2025-08-09T06:56:51.742Z] ðŸš€ Executing command: cd /home/piros/scripts && nohup bash /home/piros/scripts/nav2.sh > /tmp/nav2_output.log 2>&1 & echo $!
[2025-08-09T06:56:51.742Z] ðŸŽ¯ Using provided absolute path: /home/piros/scripts/nav2.sh
[2025-08-09T06:56:54.153Z] ðŸ“„ nav2.sh stdout: 4760
[2025-08-09T06:56:54.233Z] âœ… nav2.sh execution completed with code: 0
[2025-08-09T06:56:54.233Z] ðŸ†” Stored PID 4760 for nav2.sh
[2025-08-09T06:56:54.233Z] âœ… Script command 'start_nav_button' executed successfully
[2025-08-09T06:56:54.233Z] Handling script command: stop_robot_button with options: {}
[2025-08-09T06:56:54.233Z] ðŸŽ¯ Executing specific script: kill_robot.sh on Pi
[2025-08-09T06:56:54.233Z] ðŸŽ¬ Action: stop_robot
[2025-08-09T06:56:54.233Z] ðŸ“‚ Script path: /home/piros/scripts/kill_robot.sh
[2025-08-09T06:56:57.589Z] ðŸ“¡ SSH connected for kill_robot.sh execution
[2025-08-09T06:56:57.589Z] ðŸŽ¯ Using predefined path: /home/piros/scripts/kill_robot.sh
[2025-08-09T06:56:57.589Z] ðŸš€ Executing command: chmod +x /home/piros/scripts/kill_robot.sh && /home/piros/scripts/kill_robot.sh
[2025-08-09T06:56:58.490Z] âš ï¸ kill_robot.sh stderr: cat: robot_pid.txt
[2025-08-09T06:56:58.490Z] âš ï¸ kill_robot.sh stderr: : No such file or directory
[2025-08-09T06:56:58.490Z] ðŸ“„ kill_robot.sh stdout: Sent SIGINT to launch process group (PID )
[2025-08-09T06:56:58.490Z] âš ï¸ kill_robot.sh stderr: /home/piros/scripts/kill_robot.sh: line 11: kill: -: arguments must be process or job IDs
[2025-08-09T06:56:58.490Z] âœ… kill_robot.sh execution completed with code: 0
[2025-08-09T06:56:58.490Z] âœ… Script command 'stop_robot_button' executed successfully
[2025-08-09T06:56:58.490Z] Handling script command: stop_pid_button with options: {}
[2025-08-09T06:56:58.490Z] ðŸŽ¯ Executing specific script: kill_all.sh on Pi
[2025-08-09T06:56:58.490Z] ðŸŽ¬ Action: stop_all_processes
[2025-08-09T06:56:58.490Z] ðŸ“‚ Script path: /home/piros/scripts/kill_all.sh
[2025-08-09T06:57:03.621Z] ðŸ“¡ SSH connected for kill_all.sh execution
[2025-08-09T06:57:03.622Z] ðŸŽ¯ Using predefined path: /home/piros/scripts/kill_all.sh
[2025-08-09T06:57:03.622Z] ðŸš€ Executing command: chmod +x /home/piros/scripts/kill_all.sh && /home/piros/scripts/kill_all.sh
[2025-08-09T06:57:04.106Z] ðŸ“„ kill_all.sh stdout: Sent SIGINT to launch process group (PID 3491)
[2025-08-09T06:57:04.106Z] âš ï¸ kill_all.sh stderr: /home/piros/scripts/kill_all.sh: line 11: kill: (-3491) - No such process
[2025-08-09T06:57:04.107Z] âœ… kill_all.sh execution completed with code: 0
[2025-08-09T06:57:04.107Z] âœ… Script command 'stop_pid_button' executed successfully
[2025-08-09T07:04:08.135Z] Cleaning up ROS2 Script Manager...
[2025-08-09T07:04:08.166Z] Cleaned up 0 temporary files
[2025-08-09T07:05:50.891Z] Cleaning up ROS2 Script Manager...
[2025-08-09T07:05:50.893Z] Cleaned up 0 temporary files
[2025-08-09T07:06:56.323Z] Handling script command: execute_script with options: {"script_name":"robot_launch.sh","script_path":"/home/piros/scripts/robot_launch.sh","action":"run_only_this_script"}
[2025-08-09T07:06:56.323Z] ðŸŽ¯ Executing specific script: robot_launch.sh on Pi
[2025-08-09T07:06:56.323Z] ðŸ“‚ Script path: /home/piros/scripts/robot_launch.sh
[2025-08-09T07:06:56.323Z] ðŸŽ¬ Action: run_only_this_script
[2025-08-09T07:06:56.760Z] ðŸ“¡ SSH connected for robot_launch.sh execution
[2025-08-09T07:06:56.760Z] ðŸŽ¯ Using predefined path: /home/piros/scripts/robot_launch.sh
[2025-08-09T07:06:56.761Z] ðŸš€ Executing command: cd /home/piros/scripts && nohup bash /home/piros/scripts/robot_launch.sh > /tmp/robot_launch_output.log 2>&1 & echo $!
[2025-08-09T07:06:56.812Z] ðŸ“„ robot_launch.sh stdout: 2662
[2025-08-09T07:06:57.263Z] ðŸ†” Stored PID 2662 for robot_launch.sh
[2025-08-09T07:06:57.263Z] âœ… robot_launch.sh execution completed with code: 0
[2025-08-09T07:06:57.263Z] âœ… Script command 'execute_script' executed successfully
[2025-08-09T07:22:08.003Z] Cleaning up ROS2 Script Manager...
[2025-08-09T07:22:08.004Z] Cleaned up 0 temporary files
